<?xml version="1.0" encoding="utf-8"?><testsuite errors="0" failures="1" name="pytest" skipped="0" tests="29" time="3.169"><testcase classname="test_case.test_msg" file="test_case/test_msg.py" line="6" name="test_unreadmsg_list" time="0.099"></testcase><testcase classname="test_case.test_msg" file="test_case/test_msg.py" line="13" name="test_message_list[false]" time="0.097"></testcase><testcase classname="test_case.test_msg" file="test_case/test_msg.py" line="13" name="test_message_list[true]" time="0.094"></testcase><testcase classname="test_case.test_msg" file="test_case/test_msg.py" line="37" name="test_mark_allmsg" time="0.074"></testcase><testcase classname="test_case.test_msg" file="test_case/test_msg.py" line="44" name="test_mark_message" time="0.072"></testcase><testcase classname="test_case.test_replies" file="test_case/test_replies.py" line="9" name="test_create_comment[content0001-None-5cda54824aac0b7d9436981e]" time="0.089"></testcase><testcase classname="test_case.test_replies" file="test_case/test_replies.py" line="9" name="test_create_comment[content0002-5cda6b654aac0b7d94369837-5cda54824aac0b7d9436981e]" time="0.084"></testcase><testcase classname="test_case.test_replies" file="test_case/test_replies.py" line="18" name="test_comment_ups" time="0.077"></testcase><testcase classname="test_case.test_topic_collect" file="test_case/test_topic_collect.py" line="10" name="test_collect_topic" time="0.160"></testcase><testcase classname="test_case.test_topic_collect" file="test_case/test_topic_collect.py" line="17" name="test_cancel_collect" time="0.074"></testcase><testcase classname="test_case.test_topic_collect" file="test_case/test_topic_collect.py" line="23" name="test_collect_list" time="0.134"><failure message="assert False">def test_collect_list():
        res = topic.get_topic_collection(user_name)
        jsdata = res.json()
        print(&quot;jsdata==&quot;,jsdata)
        assert res.status_code == 200
        is_contain = False
        if(len(collected_topic)):
            assert len(jsdata[&apos;data&apos;]) != 0
            for item in jsdata[&apos;data&apos;]:
                if item[&apos;id&apos;] == collected_topic[0]:
                    is_contain = True
                    break
&gt;       assert is_contain
E       assert False

test_case/test_topic_collect.py:36: AssertionError</failure><system-out>jsdata== {&apos;success&apos;: True, &apos;data&apos;: [{&apos;id&apos;: &apos;5cdc09ee4aac0b7d94369bee&apos;, &apos;author_id&apos;: &apos;5bdb226bd3dee53d612219b5&apos;, &apos;tab&apos;: &apos;ask&apos;, &apos;content&apos;: &apos;content test xxxxxx&apos;, &apos;title&apos;: &apos;title test xxx&apos;, &apos;last_reply_at&apos;: &apos;2019-05-15T12:45:34.911Z&apos;, &apos;good&apos;: False, &apos;top&apos;: False, &apos;reply_count&apos;: 0, &apos;visit_count&apos;: 0, &apos;create_at&apos;: &apos;2019-05-15T12:45:34.911Z&apos;, &apos;author&apos;: {&apos;loginname&apos;: &apos;user12&apos;, &apos;avatar_url&apos;: &apos;//gravatar.com/avatar/fc8744889d59e87861442e20010c8ea9?size=48&apos;}}, {&apos;id&apos;: &apos;5cdc09d44aac0b7d94369be1&apos;, &apos;author_id&apos;: &apos;5bdb226bd3dee53d612219b5&apos;, &apos;tab&apos;: &apos;ask&apos;, &apos;content&apos;: &apos;content test xxxxxx&apos;, &apos;title&apos;: &apos;title test xxx&apos;, &apos;last_reply_at&apos;: &apos;2019-05-15T12:45:08.021Z&apos;, &apos;good&apos;: False, &apos;top&apos;: False, &apos;reply_count&apos;: 0, &apos;visit_count&apos;: 0, &apos;create_at&apos;: &apos;2019-05-15T12:45:08.021Z&apos;, &apos;author&apos;: {&apos;loginname&apos;: &apos;user12&apos;, &apos;avatar_url&apos;: &apos;//gravatar.com/avatar/fc8744889d59e87861442e20010c8ea9?size=48&apos;}}, {&apos;id&apos;: &apos;5cdbda774aac0b7d94369bb7&apos;, &apos;author_id&apos;: &apos;5bdb226bd3dee53d612219b5&apos;, &apos;tab&apos;: &apos;ask&apos;, &apos;content&apos;: &apos;content test xxxxxx&apos;, &apos;title&apos;: &apos;title test xxx&apos;, &apos;last_reply_at&apos;: &apos;2019-05-15T09:23:03.640Z&apos;, &apos;good&apos;: False, &apos;top&apos;: False, &apos;reply_count&apos;: 0, &apos;visit_count&apos;: 0, &apos;create_at&apos;: &apos;2019-05-15T09:23:03.640Z&apos;, &apos;author&apos;: {&apos;loginname&apos;: &apos;user12&apos;, &apos;avatar_url&apos;: &apos;//gravatar.com/avatar/fc8744889d59e87861442e20010c8ea9?size=48&apos;}}, {&apos;id&apos;: &apos;5cdbd5604aac0b7d94369baa&apos;, &apos;author_id&apos;: &apos;5bdb226bd3dee53d612219b5&apos;, &apos;tab&apos;: &apos;ask&apos;, &apos;content&apos;: &apos;content test xxxxxx&apos;, &apos;title&apos;: &apos;title test xxx&apos;, &apos;last_reply_at&apos;: &apos;2019-05-15T09:01:20.035Z&apos;, &apos;good&apos;: False, &apos;top&apos;: False, &apos;reply_count&apos;: 0, &apos;visit_count&apos;: 0, &apos;create_at&apos;: &apos;2019-05-15T09:01:20.035Z&apos;, &apos;author&apos;: {&apos;loginname&apos;: &apos;user12&apos;, &apos;avatar_url&apos;: &apos;//gravatar.com/avatar/fc8744889d59e87861442e20010c8ea9?size=48&apos;}}, {&apos;id&apos;: &apos;5cdbd50f4aac0b7d94369b9a&apos;, &apos;author_id&apos;: &apos;5bdb226bd3dee53d612219b5&apos;, &apos;tab&apos;: &apos;ask&apos;, &apos;content&apos;: &apos;content test xxxxxx&apos;, &apos;title&apos;: &apos;title test xxx&apos;, &apos;last_reply_at&apos;: &apos;2019-05-15T08:59:59.958Z&apos;, &apos;good&apos;: False, &apos;top&apos;: False, &apos;reply_count&apos;: 0, &apos;visit_count&apos;: 0, &apos;create_at&apos;: &apos;2019-05-15T08:59:59.958Z&apos;, &apos;author&apos;: {&apos;loginname&apos;: &apos;user12&apos;, &apos;avatar_url&apos;: &apos;//gravatar.com/avatar/fc8744889d59e87861442e20010c8ea9?size=48&apos;}}, {&apos;id&apos;: &apos;5cdbd50a4aac0b7d94369b8d&apos;, &apos;author_id&apos;: &apos;5bdb226bd3dee53d612219b5&apos;, &apos;tab&apos;: &apos;ask&apos;, &apos;content&apos;: &apos;content test xxxxxx&apos;, &apos;title&apos;: &apos;title test xxx&apos;, &apos;last_reply_at&apos;: &apos;2019-05-15T08:59:54.202Z&apos;, &apos;good&apos;: False, &apos;top&apos;: False, &apos;reply_count&apos;: 0, &apos;visit_count&apos;: 0, &apos;create_at&apos;: &apos;2019-05-15T08:59:54.202Z&apos;, &apos;author&apos;: {&apos;loginname&apos;: &apos;user12&apos;, &apos;avatar_url&apos;: &apos;//gravatar.com/avatar/fc8744889d59e87861442e20010c8ea9?size=48&apos;}}, {&apos;id&apos;: &apos;5cdbcece4aac0b7d94369b50&apos;, &apos;author_id&apos;: &apos;5bdb226bd3dee53d612219b5&apos;, &apos;tab&apos;: &apos;ask&apos;, &apos;content&apos;: &apos;content test xxxxxx&apos;, &apos;title&apos;: &apos;title test xxx&apos;, &apos;last_reply_at&apos;: &apos;2019-05-15T08:33:18.293Z&apos;, &apos;good&apos;: False, &apos;top&apos;: False, &apos;reply_count&apos;: 0, &apos;visit_count&apos;: 0, &apos;create_at&apos;: &apos;2019-05-15T08:33:18.293Z&apos;, &apos;author&apos;: {&apos;loginname&apos;: &apos;user12&apos;, &apos;avatar_url&apos;: &apos;//gravatar.com/avatar/fc8744889d59e87861442e20010c8ea9?size=48&apos;}}, {&apos;id&apos;: &apos;5cdbcb844aac0b7d94369b39&apos;, &apos;author_id&apos;: &apos;5bdb226bd3dee53d612219b5&apos;, &apos;tab&apos;: &apos;ask&apos;, &apos;content&apos;: &apos;content test xxxxxx&apos;, &apos;title&apos;: &apos;title test xxx&apos;, &apos;last_reply_at&apos;: &apos;2019-05-15T08:19:16.596Z&apos;, &apos;good&apos;: False, &apos;top&apos;: False, &apos;reply_count&apos;: 0, &apos;visit_count&apos;: 0, &apos;create_at&apos;: &apos;2019-05-15T08:19:16.596Z&apos;, &apos;author&apos;: {&apos;loginname&apos;: &apos;user12&apos;, &apos;avatar_url&apos;: &apos;//gravatar.com/avatar/fc8744889d59e87861442e20010c8ea9?size=48&apos;}}, {&apos;id&apos;: &apos;5cdbc8024aac0b7d94369b20&apos;, &apos;author_id&apos;: &apos;5bdb226bd3dee53d612219b5&apos;, &apos;tab&apos;: &apos;ask&apos;, &apos;content&apos;: &apos;content test xxxxxx&apos;, &apos;title&apos;: &apos;title test xxx&apos;, &apos;last_reply_at&apos;: &apos;2019-05-15T08:04:18.992Z&apos;, &apos;good&apos;: False, &apos;top&apos;: False, &apos;reply_count&apos;: 0, &apos;visit_count&apos;: 0, &apos;create_at&apos;: &apos;2019-05-15T08:04:18.992Z&apos;, &apos;author&apos;: {&apos;loginname&apos;: &apos;user12&apos;, &apos;avatar_url&apos;: &apos;//gravatar.com/avatar/fc8744889d59e87861442e20010c8ea9?size=48&apos;}}, {&apos;id&apos;: &apos;5cdbc47b4aac0b7d94369b0c&apos;, &apos;author_id&apos;: &apos;5bdb226bd3dee53d612219b5&apos;, &apos;tab&apos;: &apos;ask&apos;, &apos;content&apos;: &apos;content test xxxxxx&apos;, &apos;title&apos;: &apos;title test xxx&apos;, &apos;last_reply_at&apos;: &apos;2019-05-15T07:49:15.292Z&apos;, &apos;good&apos;: False, &apos;top&apos;: False, &apos;reply_count&apos;: 0, &apos;visit_count&apos;: 0, &apos;create_at&apos;: &apos;2019-05-15T07:49:15.292Z&apos;, &apos;author&apos;: {&apos;loginname&apos;: &apos;user12&apos;, &apos;avatar_url&apos;: &apos;//gravatar.com/avatar/fc8744889d59e87861442e20010c8ea9?size=48&apos;}}, {&apos;id&apos;: &apos;5cdbc2424aac0b7d94369aff&apos;, &apos;author_id&apos;: &apos;5bdb226bd3dee53d612219b5&apos;, &apos;tab&apos;: &apos;ask&apos;, &apos;content&apos;: &apos;content test xxxxxx&apos;, &apos;title&apos;: &apos;title test xxx&apos;, &apos;last_reply_at&apos;: &apos;2019-05-15T07:39:46.753Z&apos;, &apos;good&apos;: False, &apos;top&apos;: False, &apos;reply_count&apos;: 0, &apos;visit_count&apos;: 0, &apos;create_at&apos;: &apos;2019-05-15T07:39:46.753Z&apos;, &apos;author&apos;: {&apos;loginname&apos;: &apos;user12&apos;, &apos;avatar_url&apos;: &apos;//gravatar.com/avatar/fc8744889d59e87861442e20010c8ea9?size=48&apos;}}, {&apos;id&apos;: &apos;5cdbc0fc4aac0b7d94369af2&apos;, &apos;author_id&apos;: &apos;5bdb226bd3dee53d612219b5&apos;, &apos;tab&apos;: &apos;ask&apos;, &apos;content&apos;: &apos;content test xxxxxx&apos;, &apos;title&apos;: &apos;title test xxx&apos;, &apos;last_reply_at&apos;: &apos;2019-05-15T07:34:20.326Z&apos;, &apos;good&apos;: False, &apos;top&apos;: False, &apos;reply_count&apos;: 0, &apos;visit_count&apos;: 0, &apos;create_at&apos;: &apos;2019-05-15T07:34:20.326Z&apos;, &apos;author&apos;: {&apos;loginname&apos;: &apos;user12&apos;, &apos;avatar_url&apos;: &apos;//gravatar.com/avatar/fc8744889d59e87861442e20010c8ea9?size=48&apos;}}, {&apos;id&apos;: &apos;5cdbc0444aac0b7d94369ae5&apos;, &apos;author_id&apos;: &apos;5bdb226bd3dee53d612219b5&apos;, &apos;tab&apos;: &apos;ask&apos;, &apos;content&apos;: &apos;content test xxxxxx&apos;, &apos;title&apos;: &apos;title test xxx&apos;, &apos;last_reply_at&apos;: &apos;2019-05-15T07:31:16.042Z&apos;, &apos;good&apos;: False, &apos;top&apos;: False, &apos;reply_count&apos;: 0, &apos;visit_count&apos;: 0, &apos;create_at&apos;: &apos;2019-05-15T07:31:16.042Z&apos;, &apos;author&apos;: {&apos;loginname&apos;: &apos;user12&apos;, &apos;avatar_url&apos;: &apos;//gravatar.com/avatar/fc8744889d59e87861442e20010c8ea9?size=48&apos;}}, {&apos;id&apos;: &apos;5cdbbd734aac0b7d94369ad8&apos;, &apos;author_id&apos;: &apos;5bdb226bd3dee53d612219b5&apos;, &apos;tab&apos;: &apos;ask&apos;, &apos;content&apos;: &apos;content test xxxxxx&apos;, &apos;title&apos;: &apos;title test xxx&apos;, &apos;last_reply_at&apos;: &apos;2019-05-15T07:19:15.945Z&apos;, &apos;good&apos;: False, &apos;top&apos;: False, &apos;reply_count&apos;: 0, &apos;visit_count&apos;: 0, &apos;create_at&apos;: &apos;2019-05-15T07:19:15.945Z&apos;, &apos;author&apos;: {&apos;loginname&apos;: &apos;user12&apos;, &apos;avatar_url&apos;: &apos;//gravatar.com/avatar/fc8744889d59e87861442e20010c8ea9?size=48&apos;}}, {&apos;id&apos;: &apos;5cdbbaa44aac0b7d94369ac2&apos;, &apos;author_id&apos;: &apos;5bdb226bd3dee53d612219b5&apos;, &apos;tab&apos;: &apos;ask&apos;, &apos;content&apos;: &apos;content test xxxxxx&apos;, &apos;title&apos;: &apos;title test xxx&apos;, &apos;last_reply_at&apos;: &apos;2019-05-15T07:07:16.097Z&apos;, &apos;good&apos;: False, &apos;top&apos;: False, &apos;reply_count&apos;: 0, &apos;visit_count&apos;: 0, &apos;create_at&apos;: &apos;2019-05-15T07:07:16.097Z&apos;, &apos;author&apos;: {&apos;loginname&apos;: &apos;user12&apos;, &apos;avatar_url&apos;: &apos;//gravatar.com/avatar/fc8744889d59e87861442e20010c8ea9?size=48&apos;}}, {&apos;id&apos;: &apos;5cdb84d24aac0b7d94369ab3&apos;, &apos;author_id&apos;: &apos;5bdb226bd3dee53d612219b5&apos;, &apos;tab&apos;: &apos;ask&apos;, &apos;content&apos;: &apos;content test xxxxxx&apos;, &apos;title&apos;: &apos;title test xxx&apos;, &apos;last_reply_at&apos;: &apos;2019-05-15T03:17:38.665Z&apos;, &apos;good&apos;: False, &apos;top&apos;: False, &apos;reply_count&apos;: 0, &apos;visit_count&apos;: 0, &apos;create_at&apos;: &apos;2019-05-15T03:17:38.665Z&apos;, &apos;author&apos;: {&apos;loginname&apos;: &apos;user12&apos;, &apos;avatar_url&apos;: &apos;//gravatar.com/avatar/fc8744889d59e87861442e20010c8ea9?size=48&apos;}}, {&apos;id&apos;: &apos;5cdb84bb4aac0b7d94369aa6&apos;, &apos;author_id&apos;: &apos;5bdb226bd3dee53d612219b5&apos;, &apos;tab&apos;: &apos;ask&apos;, &apos;content&apos;: &apos;content test xxxxxx&apos;, &apos;title&apos;: &apos;title test xxx&apos;, &apos;last_reply_at&apos;: &apos;2019-05-15T03:17:15.469Z&apos;, &apos;good&apos;: False, &apos;top&apos;: False, &apos;reply_count&apos;: 0, &apos;visit_count&apos;: 0, &apos;create_at&apos;: &apos;2019-05-15T03:17:15.469Z&apos;, &apos;author&apos;: {&apos;loginname&apos;: &apos;user12&apos;, &apos;avatar_url&apos;: &apos;//gravatar.com/avatar/fc8744889d59e87861442e20010c8ea9?size=48&apos;}}, {&apos;id&apos;: &apos;5cdb84a34aac0b7d94369a99&apos;, &apos;author_id&apos;: &apos;5bdb226bd3dee53d612219b5&apos;, &apos;tab&apos;: &apos;ask&apos;, &apos;content&apos;: &apos;content test xxxxxx&apos;, &apos;title&apos;: &apos;title test xxx&apos;, &apos;last_reply_at&apos;: &apos;2019-05-15T03:16:51.946Z&apos;, &apos;good&apos;: False, &apos;top&apos;: False, &apos;reply_count&apos;: 0, &apos;visit_count&apos;: 0, &apos;create_at&apos;: &apos;2019-05-15T03:16:51.946Z&apos;, &apos;author&apos;: {&apos;loginname&apos;: &apos;user12&apos;, &apos;avatar_url&apos;: &apos;//gravatar.com/avatar/fc8744889d59e87861442e20010c8ea9?size=48&apos;}}, {&apos;id&apos;: &apos;5cdb84934aac0b7d94369a8c&apos;, &apos;author_id&apos;: &apos;5bdb226bd3dee53d612219b5&apos;, &apos;tab&apos;: &apos;ask&apos;, &apos;content&apos;: &apos;content test xxxxxx&apos;, &apos;title&apos;: &apos;title test xxx&apos;, &apos;last_reply_at&apos;: &apos;2019-05-15T03:16:35.060Z&apos;, &apos;good&apos;: False, &apos;top&apos;: False, &apos;reply_count&apos;: 0, &apos;visit_count&apos;: 0, &apos;create_at&apos;: &apos;2019-05-15T03:16:35.060Z&apos;, &apos;author&apos;: {&apos;loginname&apos;: &apos;user12&apos;, &apos;avatar_url&apos;: &apos;//gravatar.com/avatar/fc8744889d59e87861442e20010c8ea9?size=48&apos;}}, {&apos;id&apos;: &apos;5cdb81fc4aac0b7d94369a76&apos;, &apos;author_id&apos;: &apos;5bdb226bd3dee53d612219b5&apos;, &apos;tab&apos;: &apos;ask&apos;, &apos;content&apos;: &apos;content test xxxxxx&apos;, &apos;title&apos;: &apos;title test xxx&apos;, &apos;last_reply_at&apos;: &apos;2019-05-15T03:05:32.731Z&apos;, &apos;good&apos;: False, &apos;top&apos;: False, &apos;reply_count&apos;: 0, &apos;visit_count&apos;: 0, &apos;create_at&apos;: &apos;2019-05-15T03:05:32.731Z&apos;, &apos;author&apos;: {&apos;loginname&apos;: &apos;user12&apos;, &apos;avatar_url&apos;: &apos;//gravatar.com/avatar/fc8744889d59e87861442e20010c8ea9?size=48&apos;}}, {&apos;id&apos;: &apos;5cdb818d4aac0b7d94369a69&apos;, &apos;author_id&apos;: &apos;5bdb226bd3dee53d612219b5&apos;, &apos;tab&apos;: &apos;ask&apos;, &apos;content&apos;: &apos;content test xxxxxx&apos;, &apos;title&apos;: &apos;title test xxx&apos;, &apos;last_reply_at&apos;: &apos;2019-05-15T03:03:41.422Z&apos;, &apos;good&apos;: False, &apos;top&apos;: False, &apos;reply_count&apos;: 0, &apos;visit_count&apos;: 0, &apos;create_at&apos;: &apos;2019-05-15T03:03:41.422Z&apos;, &apos;author&apos;: {&apos;loginname&apos;: &apos;user12&apos;, &apos;avatar_url&apos;: &apos;//gravatar.com/avatar/fc8744889d59e87861442e20010c8ea9?size=48&apos;}}, {&apos;id&apos;: &apos;5cdb81634aac0b7d94369a5c&apos;, &apos;author_id&apos;: &apos;5bdb226bd3dee53d612219b5&apos;, &apos;tab&apos;: &apos;ask&apos;, &apos;content&apos;: &apos;content test xxxxxx&apos;, &apos;title&apos;: &apos;title test xxx&apos;, &apos;last_reply_at&apos;: &apos;2019-05-15T03:02:59.477Z&apos;, &apos;good&apos;: False, &apos;top&apos;: False, &apos;reply_count&apos;: 0, &apos;visit_count&apos;: 0, &apos;create_at&apos;: &apos;2019-05-15T03:02:59.477Z&apos;, &apos;author&apos;: {&apos;loginname&apos;: &apos;user12&apos;, &apos;avatar_url&apos;: &apos;//gravatar.com/avatar/fc8744889d59e87861442e20010c8ea9?size=48&apos;}}, {&apos;id&apos;: &apos;5cdb80544aac0b7d94369a4a&apos;, &apos;author_id&apos;: &apos;5bdb226bd3dee53d612219b5&apos;, &apos;tab&apos;: &apos;ask&apos;, &apos;content&apos;: &apos;content test xxxxxx&apos;, &apos;title&apos;: &apos;title test xxx&apos;, &apos;last_reply_at&apos;: &apos;2019-05-15T02:58:28.120Z&apos;, &apos;good&apos;: False, &apos;top&apos;: False, &apos;reply_count&apos;: 0, &apos;visit_count&apos;: 0, &apos;create_at&apos;: &apos;2019-05-15T02:58:28.120Z&apos;, &apos;author&apos;: {&apos;loginname&apos;: &apos;user12&apos;, &apos;avatar_url&apos;: &apos;//gravatar.com/avatar/fc8744889d59e87861442e20010c8ea9?size=48&apos;}}, {&apos;id&apos;: &apos;5cdb7fca4aac0b7d94369a3a&apos;, &apos;author_id&apos;: &apos;5bdb226bd3dee53d612219b5&apos;, &apos;tab&apos;: &apos;ask&apos;, &apos;content&apos;: &apos;content test xxxxxx&apos;, &apos;title&apos;: &apos;title test xxx&apos;, &apos;last_reply_at&apos;: &apos;2019-05-15T02:56:10.574Z&apos;, &apos;good&apos;: False, &apos;top&apos;: False, &apos;reply_count&apos;: 0, &apos;visit_count&apos;: 0, &apos;create_at&apos;: &apos;2019-05-15T02:56:10.574Z&apos;, &apos;author&apos;: {&apos;loginname&apos;: &apos;user12&apos;, &apos;avatar_url&apos;: &apos;//gravatar.com/avatar/fc8744889d59e87861442e20010c8ea9?size=48&apos;}}, {&apos;id&apos;: &apos;5cdb7f6c4aac0b7d94369a2b&apos;, &apos;author_id&apos;: &apos;5bdb226bd3dee53d612219b5&apos;, &apos;tab&apos;: &apos;ask&apos;, &apos;content&apos;: &apos;content test xxxxxx&apos;, &apos;title&apos;: &apos;title test xxx&apos;, &apos;last_reply_at&apos;: &apos;2019-05-15T02:54:36.441Z&apos;, &apos;good&apos;: False, &apos;top&apos;: False, &apos;reply_count&apos;: 0, &apos;visit_count&apos;: 0, &apos;create_at&apos;: &apos;2019-05-15T02:54:36.441Z&apos;, &apos;author&apos;: {&apos;loginname&apos;: &apos;user12&apos;, &apos;avatar_url&apos;: &apos;//gravatar.com/avatar/fc8744889d59e87861442e20010c8ea9?size=48&apos;}}, {&apos;id&apos;: &apos;5cda543f4aac0b7d9436981c&apos;, &apos;author_id&apos;: &apos;5bdb226bd3dee53d612219b5&apos;, &apos;tab&apos;: &apos;ask&apos;, &apos;content&apos;: &apos;happy content&apos;, &apos;title&apos;: &apos;happy&apos;, &apos;last_reply_at&apos;: &apos;2019-05-14T05:38:07.888Z&apos;, &apos;good&apos;: False, &apos;top&apos;: False, &apos;reply_count&apos;: 0, &apos;visit_count&apos;: 0, &apos;create_at&apos;: &apos;2019-05-14T05:38:07.888Z&apos;, &apos;author&apos;: {&apos;loginname&apos;: &apos;user12&apos;, &apos;avatar_url&apos;: &apos;//gravatar.com/avatar/fc8744889d59e87861442e20010c8ea9?size=48&apos;}}]}
</system-out></testcase><testcase classname="test_case.test_topics" file="test_case/test_topics.py" line="15" name="test_home_topics[ask-1-false]" time="0.075"></testcase><testcase classname="test_case.test_topics" file="test_case/test_topics.py" line="15" name="test_home_topics[share-10-false]" time="0.117"></testcase><testcase classname="test_case.test_topics" file="test_case/test_topics.py" line="15" name="test_home_topics[share-8-true]" time="0.115"></testcase><testcase classname="test_case.test_topics" file="test_case/test_topics.py" line="30" name="test_topic_detail[false0]" time="0.151"></testcase><testcase classname="test_case.test_topics" file="test_case/test_topics.py" line="30" name="test_topic_detail[true]" time="0.079"></testcase><testcase classname="test_case.test_topics" file="test_case/test_topics.py" line="30" name="test_topic_detail[false1]" time="0.075"></testcase><testcase classname="test_case.test_topics" file="test_case/test_topics.py" line="43" name="test_create_topic[title0001-share-content0001]" time="0.082"></testcase><testcase classname="test_case.test_topics" file="test_case/test_topics.py" line="43" name="test_create_topic[title0002-ask-content0002]" time="0.074"></testcase><testcase classname="test_case.test_topics" file="test_case/test_topics.py" line="43" name="test_create_topic[title0003-dev-content0003]" time="0.077"></testcase><testcase classname="test_case.test_topics" file="test_case/test_topics.py" line="43" name="test_create_topic[title0004-hahah-content0004]" time="0.077"></testcase><testcase classname="test_case.test_topics" file="test_case/test_topics.py" line="43" name="test_create_topic[title0005-job-content0005]" time="0.076"></testcase><testcase classname="test_case.test_topics" file="test_case/test_topics.py" line="59" name="test_edit_topic[happy-ask-happy content]" time="0.076"></testcase><testcase classname="test_case.test_topics" file="test_case/test_topics.py" line="59" name="test_edit_topic[sad-share-sad content xxx]" time="0.074"></testcase><testcase classname="test_case.test_user" file="test_case/test_user.py" line="8" name="test_user_detail[user1]" time="0.125"></testcase><testcase classname="test_case.test_user" file="test_case/test_user.py" line="8" name="test_user_detail[user2]" time="0.127"></testcase><testcase classname="test_case.test_user" file="test_case/test_user.py" line="8" name="test_user_detail[user3]" time="0.142"></testcase><testcase classname="test_case.test_user" file="test_case/test_user.py" line="8" name="test_user_detail[user12]" time="0.124"></testcase><testcase classname="test_case.test_user" file="test_case/test_user.py" line="16" name="test_verify_token" time="0.075"></testcase></testsuite>