<?xml version="1.0" encoding="utf-8"?><testsuite errors="0" failures="0" name="pytest" skipped="0" tests="29" time="5.585"><testcase classname="test_case.test_topics" file="test_case/test_topics.py" line="24" name="test_home_topics[ask-1-false]" time="0.088"></testcase><testcase classname="test_case.test_topics" file="test_case/test_topics.py" line="24" name="test_home_topics[share-10-false]" time="0.333"></testcase><testcase classname="test_case.test_topics" file="test_case/test_topics.py" line="24" name="test_home_topics[share-8-true]" time="0.114"></testcase><testcase classname="test_case.test_topics" file="test_case/test_topics.py" line="39" name="test_topic_detail[false0]" time="0.381"></testcase><testcase classname="test_case.test_topics" file="test_case/test_topics.py" line="39" name="test_topic_detail[true]" time="0.177"></testcase><testcase classname="test_case.test_topics" file="test_case/test_topics.py" line="39" name="test_topic_detail[false1]" time="0.372"></testcase><testcase classname="test_case.test_topics" file="test_case/test_topics.py" line="52" name="test_create_topic[title0001-share-content0001]" time="0.074"></testcase><testcase classname="test_case.test_topics" file="test_case/test_topics.py" line="52" name="test_create_topic[title0002-ask-content0002]" time="0.080"></testcase><testcase classname="test_case.test_topics" file="test_case/test_topics.py" line="52" name="test_create_topic[title0003-dev-content0003]" time="0.263"></testcase><testcase classname="test_case.test_topics" file="test_case/test_topics.py" line="52" name="test_create_topic[title0004-hahah-content0004]" time="0.074"></testcase><testcase classname="test_case.test_topics" file="test_case/test_topics.py" line="52" name="test_create_topic[title0005-job-content0005]" time="0.072"></testcase><testcase classname="test_case.test_topics" file="test_case/test_topics.py" line="67" name="test_edit_topic[happy-ask-happy content]" time="0.143"></testcase><testcase classname="test_case.test_topics" file="test_case/test_topics.py" line="67" name="test_edit_topic[sad-share-sad content xxx]" time="0.338"></testcase><testcase classname="test_case.test_topics" file="test_case/test_topics.py" line="79" name="test_collect_topic" time="0.159"><system-out>vvvvvvvvv [&apos;5cdbc0444aac0b7d94369ae5&apos;]
</system-out></testcase><testcase classname="test_case.test_topics" file="test_case/test_topics.py" line="87" name="test_cancel_collect" time="0.357"></testcase><testcase classname="test_case.test_topics" file="test_case/test_topics.py" line="93" name="test_collect_list" time="0.126"></testcase><testcase classname="test_case.test_topics" file="test_case/test_topics.py" line="107" name="test_create_comment[content0001-None-5cda54824aac0b7d9436981e]" time="0.291"></testcase><testcase classname="test_case.test_topics" file="test_case/test_topics.py" line="107" name="test_create_comment[content0002-5cda6b654aac0b7d94369837-5cda54824aac0b7d9436981e]" time="0.082"></testcase><testcase classname="test_case.test_topics" file="test_case/test_topics.py" line="116" name="test_comment_ups" time="0.074"></testcase><testcase classname="test_case.test_topics" file="test_case/test_topics.py" line="125" name="test_user_detail[user1]" time="0.135"></testcase><testcase classname="test_case.test_topics" file="test_case/test_topics.py" line="125" name="test_user_detail[user2]" time="0.398"></testcase><testcase classname="test_case.test_topics" file="test_case/test_topics.py" line="125" name="test_user_detail[user3]" time="0.251"></testcase><testcase classname="test_case.test_topics" file="test_case/test_topics.py" line="125" name="test_user_detail[user12]" time="0.117"></testcase><testcase classname="test_case.test_topics" file="test_case/test_topics.py" line="133" name="test_verify_token" time="0.070"></testcase><testcase classname="test_case.test_topics" file="test_case/test_topics.py" line="140" name="test_unreadmsg_list" time="0.075"></testcase><testcase classname="test_case.test_topics" file="test_case/test_topics.py" line="147" name="test_message_list[false]" time="0.100"></testcase><testcase classname="test_case.test_topics" file="test_case/test_topics.py" line="147" name="test_message_list[true]" time="0.315"></testcase><testcase classname="test_case.test_topics" file="test_case/test_topics.py" line="169" name="test_mark_allmsg" time="0.092"></testcase><testcase classname="test_case.test_topics" file="test_case/test_topics.py" line="176" name="test_mark_message" time="0.070"></testcase></testsuite>